<?xml version="1.0" encoding="UTF-8"?>
<testng-results ignored="0" total="1" passed="1" failed="0" skipped="0">
  <reporter-output>
  </reporter-output>
  <suite started-at="2020-04-22T12:40:15Z" name="Default suite" finished-at="2020-04-22T12:40:17Z" duration-ms="2334">
    <groups>
    </groups>
    <test started-at="2020-04-22T12:40:15Z" name="Default test" finished-at="2020-04-22T12:40:17Z" duration-ms="2334">
      <class name="com.qa.tests.PostAPITest">
        <test-method is-config="true" signature="setup()[pri:0, instance:com.qa.tests.PostAPITest@3c87521]" started-at="2020-04-22T12:40:15Z" name="setup" finished-at="2020-04-22T12:40:15Z" duration-ms="8" status="PASS">
          <reporter-output>
          </reporter-output>
        </test-method> <!-- setup -->
        <test-method signature="PostAPITest()[pri:0, instance:com.qa.tests.PostAPITest@3c87521]" started-at="2020-04-22T12:40:15Z" name="PostAPITest" finished-at="2020-04-22T12:40:17Z" duration-ms="2286" status="PASS">
          <reporter-output>
          </reporter-output>
        </test-method> <!-- PostAPITest -->
      </class> <!-- com.qa.tests.PostAPITest -->
    </test> <!-- Default test -->
  </suite> <!-- Default suite -->
</testng-results>
